<?xml version="1.0" encoding="UTF-8"?>
<testsuite xmlns:xsi="http://www.w3.org/2001/XMLSchema-instance" xsi:noNamespaceSchemaLocation="https://maven.apache.org/surefire/maven-surefire-plugin/xsd/surefire-test-report.xsd" name="br.com.unip.autenticacao.domain.campos.EmailTest" time="0.094" tests="5" errors="0" skipped="0" failures="0">
  <properties>
[...]
</properties>
  <testcase name="dadoUmEmailSemPontoLancaUmaExcecao" classname="br.com.unip.autenticacao.domain.campos.EmailTest" time="0.011"/>
  <testcase name="dadoUmEmailSemOArrobaLancaUmaExcecao" classname="br.com.unip.autenticacao.domain.campos.EmailTest" time="0"/>
  <testcase name="dadoUmEmailValidoEntaoRetornaOEmailInformado" classname="br.com.unip.autenticacao.domain.campos.EmailTest" time="0"/>
  <testcase name="dadoUmEmailNuloLancaUmaExcecao" classname="br.com.unip.autenticacao.domain.campos.EmailTest" time="0.001"/>
  <testcase name="dadoUmEmailVazioLancaUmaExcecao" classname="br.com.unip.autenticacao.domain.campos.EmailTest" time="0"/>
</testsuite>